\BOOKMARK [0][-]{chapter.1}{\376\377\0001\000\040\000C\000l\000a\000s\000s\000\040\000I\000n\000d\000e\000x}{}% 1
\BOOKMARK [1][-]{section.1.1}{\376\377\0001\000.\0001\000\040\000C\000l\000a\000s\000s\000\040\000L\000i\000s\000t}{chapter.1}% 2
\BOOKMARK [0][-]{chapter.2}{\376\377\0002\000\040\000F\000i\000l\000e\000\040\000I\000n\000d\000e\000x}{}% 3
\BOOKMARK [1][-]{section.2.1}{\376\377\0002\000.\0001\000\040\000F\000i\000l\000e\000\040\000L\000i\000s\000t}{chapter.2}% 4
\BOOKMARK [0][-]{chapter.3}{\376\377\0003\000\040\000C\000l\000a\000s\000s\000\040\000D\000o\000c\000u\000m\000e\000n\000t\000a\000t\000i\000o\000n}{}% 5
\BOOKMARK [1][-]{section.3.1}{\376\377\0003\000.\0001\000\040\000B\000i\000n\000o\000m\000i\000a\000l\000H\000e\000a\000p\000\040\000C\000l\000a\000s\000s\000\040\000R\000e\000f\000e\000r\000e\000n\000c\000e}{chapter.3}% 6
\BOOKMARK [2][-]{subsection.3.1.1}{\376\377\0003\000.\0001\000.\0001\000\040\000D\000e\000t\000a\000i\000l\000e\000d\000\040\000D\000e\000s\000c\000r\000i\000p\000t\000i\000o\000n}{section.3.1}% 7
\BOOKMARK [2][-]{subsection.3.1.2}{\376\377\0003\000.\0001\000.\0002\000\040\000M\000e\000m\000b\000e\000r\000\040\000F\000u\000n\000c\000t\000i\000o\000n\000\040\000D\000o\000c\000u\000m\000e\000n\000t\000a\000t\000i\000o\000n}{section.3.1}% 8
\BOOKMARK [3][-]{subsubsection.3.1.2.1}{\376\377\0003\000.\0001\000.\0002\000.\0001\000\040\000B\000i\000n\000o\000m\000i\000a\000l\000l\000i\000n\000k\000\050\000n\000o\000d\000e\000\040\000*\000,\000\040\000n\000o\000d\000e\000\040\000*\000\051}{subsection.3.1.2}% 9
\BOOKMARK [3][-]{subsubsection.3.1.2.2}{\376\377\0003\000.\0001\000.\0002\000.\0002\000\040\000C\000r\000e\000a\000t\000e\000n\000o\000d\000e\000\050\000i\000n\000t\000,\000\040\000i\000n\000t\000\051}{subsection.3.1.2}% 10
\BOOKMARK [3][-]{subsubsection.3.1.2.3}{\376\377\0003\000.\0001\000.\0002\000.\0003\000\040\000D\000e\000c\000r\000e\000a\000s\000e\000k\000e\000y\000\050\000n\000o\000d\000e\000\040\000*\000,\000\040\000i\000n\000t\000,\000\040\000i\000n\000t\000\051}{subsection.3.1.2}% 11
\BOOKMARK [3][-]{subsubsection.3.1.2.4}{\376\377\0003\000.\0001\000.\0002\000.\0004\000\040\000D\000e\000l\000e\000t\000e\000\050\000n\000o\000d\000e\000\040\000*\000,\000\040\000i\000n\000t\000\051}{subsection.3.1.2}% 12
\BOOKMARK [3][-]{subsubsection.3.1.2.5}{\376\377\0003\000.\0001\000.\0002\000.\0005\000\040\000D\000i\000s\000p\000l\000a\000y\000\050\000n\000o\000d\000e\000\040\000*\000\051}{subsection.3.1.2}% 13
\BOOKMARK [3][-]{subsubsection.3.1.2.6}{\376\377\0003\000.\0001\000.\0002\000.\0006\000\040\000E\000x\000t\000r\000a\000c\000t\000M\000i\000n\000\050\000n\000o\000d\000e\000\040\000*\000\051}{subsection.3.1.2}% 14
\BOOKMARK [3][-]{subsubsection.3.1.2.7}{\376\377\0003\000.\0001\000.\0002\000.\0007\000\040\000I\000n\000i\000t\000i\000a\000l\000i\000z\000e\000h\000e\000a\000p\000\050\000\051}{subsection.3.1.2}% 15
\BOOKMARK [3][-]{subsubsection.3.1.2.8}{\376\377\0003\000.\0001\000.\0002\000.\0008\000\040\000I\000n\000s\000e\000r\000t\000\050\000n\000o\000d\000e\000\040\000*\000,\000\040\000n\000o\000d\000e\000\040\000*\000\051}{subsection.3.1.2}% 16
\BOOKMARK [3][-]{subsubsection.3.1.2.9}{\376\377\0003\000.\0001\000.\0002\000.\0009\000\040\000M\000e\000r\000g\000e\000\050\000n\000o\000d\000e\000\040\000*\000,\000\040\000n\000o\000d\000e\000\040\000*\000\051}{subsection.3.1.2}% 17
\BOOKMARK [3][-]{subsubsection.3.1.2.10}{\376\377\0003\000.\0001\000.\0002\000.\0001\0000\000\040\000R\000e\000v\000e\000r\000t\000l\000i\000s\000t\000\050\000n\000o\000d\000e\000\040\000*\000\051}{subsection.3.1.2}% 18
\BOOKMARK [3][-]{subsubsection.3.1.2.11}{\376\377\0003\000.\0001\000.\0002\000.\0001\0001\000\040\000S\000e\000a\000r\000c\000h\000\050\000n\000o\000d\000e\000\040\000*\000,\000\040\000i\000n\000t\000\051}{subsection.3.1.2}% 19
\BOOKMARK [3][-]{subsubsection.3.1.2.12}{\376\377\0003\000.\0001\000.\0002\000.\0001\0002\000\040\000U\000n\000i\000o\000n\000\050\000n\000o\000d\000e\000\040\000*\000,\000\040\000n\000o\000d\000e\000\040\000*\000\051}{subsection.3.1.2}% 20
\BOOKMARK [1][-]{section.3.2}{\376\377\0003\000.\0002\000\040\000F\000i\000b\000o\000n\000a\000c\000c\000i\000H\000e\000a\000p\000\040\000C\000l\000a\000s\000s\000\040\000R\000e\000f\000e\000r\000e\000n\000c\000e}{chapter.3}% 21
\BOOKMARK [2][-]{subsection.3.2.1}{\376\377\0003\000.\0002\000.\0001\000\040\000D\000e\000t\000a\000i\000l\000e\000d\000\040\000D\000e\000s\000c\000r\000i\000p\000t\000i\000o\000n}{section.3.2}% 22
\BOOKMARK [2][-]{subsection.3.2.2}{\376\377\0003\000.\0002\000.\0002\000\040\000M\000e\000m\000b\000e\000r\000\040\000F\000u\000n\000c\000t\000i\000o\000n\000\040\000D\000o\000c\000u\000m\000e\000n\000t\000a\000t\000i\000o\000n}{section.3.2}% 23
\BOOKMARK [3][-]{subsubsection.3.2.2.1}{\376\377\0003\000.\0002\000.\0002\000.\0001\000\040\000C\000a\000s\000c\000a\000s\000e\000c\000u\000t\000\050\000n\000o\000d\000e\000f\000\040\000*\000,\000\040\000n\000o\000d\000e\000f\000\040\000*\000\051}{subsection.3.2.2}% 24
\BOOKMARK [3][-]{subsubsection.3.2.2.2}{\376\377\0003\000.\0002\000.\0002\000.\0002\000\040\000C\000o\000n\000s\000o\000l\000i\000d\000a\000t\000e\000\050\000n\000o\000d\000e\000f\000\040\000*\000\051}{subsection.3.2.2}% 25
\BOOKMARK [3][-]{subsubsection.3.2.2.3}{\376\377\0003\000.\0002\000.\0002\000.\0003\000\040\000C\000r\000e\000a\000t\000e\000n\000o\000d\000e\000\050\000i\000n\000t\000,\000\040\000i\000n\000t\000\051}{subsection.3.2.2}% 26
\BOOKMARK [3][-]{subsubsection.3.2.2.4}{\376\377\0003\000.\0002\000.\0002\000.\0004\000\040\000C\000u\000t\000\050\000n\000o\000d\000e\000f\000\040\000*\000,\000\040\000n\000o\000d\000e\000f\000\040\000*\000,\000\040\000n\000o\000d\000e\000f\000\040\000*\000\051}{subsection.3.2.2}% 27
\BOOKMARK [3][-]{subsubsection.3.2.2.5}{\376\377\0003\000.\0002\000.\0002\000.\0005\000\040\000D\000e\000c\000r\000e\000a\000s\000e\000k\000e\000y\000\050\000n\000o\000d\000e\000f\000\040\000*\000,\000\040\000i\000n\000t\000,\000\040\000i\000n\000t\000\051}{subsection.3.2.2}% 28
\BOOKMARK [3][-]{subsubsection.3.2.2.6}{\376\377\0003\000.\0002\000.\0002\000.\0006\000\040\000D\000e\000l\000e\000t\000e\000k\000e\000y\000\050\000n\000o\000d\000e\000f\000\040\000*\000,\000\040\000i\000n\000t\000\051}{subsection.3.2.2}% 29
\BOOKMARK [3][-]{subsubsection.3.2.2.7}{\376\377\0003\000.\0002\000.\0002\000.\0007\000\040\000D\000i\000s\000p\000l\000a\000y\000\050\000n\000o\000d\000e\000f\000\040\000*\000\051}{subsection.3.2.2}% 30
\BOOKMARK [3][-]{subsubsection.3.2.2.8}{\376\377\0003\000.\0002\000.\0002\000.\0008\000\040\000E\000x\000t\000r\000a\000c\000t\000M\000i\000n\000\050\000n\000o\000d\000e\000f\000\040\000*\000\051}{subsection.3.2.2}% 31
\BOOKMARK [3][-]{subsubsection.3.2.2.9}{\376\377\0003\000.\0002\000.\0002\000.\0009\000\040\000F\000i\000b\000o\000n\000n\000a\000c\000i\000l\000i\000n\000k\000\050\000n\000o\000d\000e\000f\000\040\000*\000,\000\040\000n\000o\000d\000e\000f\000\040\000*\000,\000\040\000n\000o\000d\000e\000f\000\040\000*\000\051}{subsection.3.2.2}% 32
\BOOKMARK [3][-]{subsubsection.3.2.2.10}{\376\377\0003\000.\0002\000.\0002\000.\0001\0000\000\040\000F\000i\000n\000d\000\050\000n\000o\000d\000e\000f\000\040\000*\000,\000\040\000i\000n\000t\000\051}{subsection.3.2.2}% 33
\BOOKMARK [3][-]{subsubsection.3.2.2.11}{\376\377\0003\000.\0002\000.\0002\000.\0001\0001\000\040\000I\000n\000i\000t\000i\000a\000l\000i\000z\000e\000H\000e\000a\000p\000\050\000\051}{subsection.3.2.2}% 34
\BOOKMARK [3][-]{subsubsection.3.2.2.12}{\376\377\0003\000.\0002\000.\0002\000.\0001\0002\000\040\000I\000n\000s\000e\000r\000t\000\050\000n\000o\000d\000e\000f\000\040\000*\000,\000\040\000n\000o\000d\000e\000f\000\040\000*\000\051}{subsection.3.2.2}% 35
\BOOKMARK [3][-]{subsubsection.3.2.2.13}{\376\377\0003\000.\0002\000.\0002\000.\0001\0003\000\040\000p\000o\000p\000\050\000\051}{subsection.3.2.2}% 36
\BOOKMARK [3][-]{subsubsection.3.2.2.14}{\376\377\0003\000.\0002\000.\0002\000.\0001\0004\000\040\000t\000o\000p\000\050\000\051}{subsection.3.2.2}% 37
\BOOKMARK [3][-]{subsubsection.3.2.2.15}{\376\377\0003\000.\0002\000.\0002\000.\0001\0005\000\040\000U\000n\000i\000o\000n\000\050\000n\000o\000d\000e\000f\000\040\000*\000,\000\040\000n\000o\000d\000e\000f\000\040\000*\000\051}{subsection.3.2.2}% 38
\BOOKMARK [1][-]{section.3.3}{\376\377\0003\000.\0003\000\040\000n\000o\000d\000e\000\040\000S\000t\000r\000u\000c\000t\000\040\000R\000e\000f\000e\000r\000e\000n\000c\000e}{chapter.3}% 39
\BOOKMARK [2][-]{subsection.3.3.1}{\376\377\0003\000.\0003\000.\0001\000\040\000D\000e\000t\000a\000i\000l\000e\000d\000\040\000D\000e\000s\000c\000r\000i\000p\000t\000i\000o\000n}{section.3.3}% 40
\BOOKMARK [2][-]{subsection.3.3.2}{\376\377\0003\000.\0003\000.\0002\000\040\000M\000e\000m\000b\000e\000r\000\040\000D\000a\000t\000a\000\040\000D\000o\000c\000u\000m\000e\000n\000t\000a\000t\000i\000o\000n}{section.3.3}% 41
\BOOKMARK [3][-]{subsubsection.3.3.2.1}{\376\377\0003\000.\0003\000.\0002\000.\0001\000\040\000c\000h\000i\000l\000d}{subsection.3.3.2}% 42
\BOOKMARK [3][-]{subsubsection.3.3.2.2}{\376\377\0003\000.\0003\000.\0002\000.\0002\000\040\000d\000e\000g\000r\000e\000e}{subsection.3.3.2}% 43
\BOOKMARK [3][-]{subsubsection.3.3.2.3}{\376\377\0003\000.\0003\000.\0002\000.\0003\000\040\000i\000n\000d\000e\000x}{subsection.3.3.2}% 44
\BOOKMARK [3][-]{subsubsection.3.3.2.4}{\376\377\0003\000.\0003\000.\0002\000.\0004\000\040\000p\000a\000r\000e\000n\000t}{subsection.3.3.2}% 45
\BOOKMARK [3][-]{subsubsection.3.3.2.5}{\376\377\0003\000.\0003\000.\0002\000.\0005\000\040\000s\000i\000b\000l\000i\000n\000g}{subsection.3.3.2}% 46
\BOOKMARK [1][-]{section.3.4}{\376\377\0003\000.\0004\000\040\000n\000o\000d\000e\000f\000\040\000S\000t\000r\000u\000c\000t\000\040\000R\000e\000f\000e\000r\000e\000n\000c\000e}{chapter.3}% 47
\BOOKMARK [2][-]{subsection.3.4.1}{\376\377\0003\000.\0004\000.\0001\000\040\000D\000e\000t\000a\000i\000l\000e\000d\000\040\000D\000e\000s\000c\000r\000i\000p\000t\000i\000o\000n}{section.3.4}% 48
\BOOKMARK [2][-]{subsection.3.4.2}{\376\377\0003\000.\0004\000.\0002\000\040\000M\000e\000m\000b\000e\000r\000\040\000D\000a\000t\000a\000\040\000D\000o\000c\000u\000m\000e\000n\000t\000a\000t\000i\000o\000n}{section.3.4}% 49
\BOOKMARK [3][-]{subsubsection.3.4.2.1}{\376\377\0003\000.\0004\000.\0002\000.\0001\000\040\000c\000h\000i\000l\000d}{subsection.3.4.2}% 50
\BOOKMARK [3][-]{subsubsection.3.4.2.2}{\376\377\0003\000.\0004\000.\0002\000.\0002\000\040\000d\000e\000g\000r\000e\000e}{subsection.3.4.2}% 51
\BOOKMARK [3][-]{subsubsection.3.4.2.3}{\376\377\0003\000.\0004\000.\0002\000.\0003\000\040\000i\000n\000d\000e\000x}{subsection.3.4.2}% 52
\BOOKMARK [3][-]{subsubsection.3.4.2.4}{\376\377\0003\000.\0004\000.\0002\000.\0004\000\040\000l\000e\000f\000t}{subsection.3.4.2}% 53
\BOOKMARK [3][-]{subsubsection.3.4.2.5}{\376\377\0003\000.\0004\000.\0002\000.\0005\000\040\000m\000a\000r\000k}{subsection.3.4.2}% 54
\BOOKMARK [3][-]{subsubsection.3.4.2.6}{\376\377\0003\000.\0004\000.\0002\000.\0006\000\040\000p\000a\000r\000e\000n\000t}{subsection.3.4.2}% 55
\BOOKMARK [3][-]{subsubsection.3.4.2.7}{\376\377\0003\000.\0004\000.\0002\000.\0007\000\040\000r\000i\000g\000h\000t}{subsection.3.4.2}% 56
\BOOKMARK [0][-]{chapter.4}{\376\377\0004\000\040\000F\000i\000l\000e\000\040\000D\000o\000c\000u\000m\000e\000n\000t\000a\000t\000i\000o\000n}{}% 57
\BOOKMARK [1][-]{section.4.1}{\376\377\0004\000.\0001\000\040\000d\000i\000j\000k\000s\000t\000r\000a\000.\000c\000p\000p\000\040\000F\000i\000l\000e\000\040\000R\000e\000f\000e\000r\000e\000n\000c\000e}{chapter.4}% 58
\BOOKMARK [2][-]{subsection.4.1.1}{\376\377\0004\000.\0001\000.\0001\000\040\000D\000e\000t\000a\000i\000l\000e\000d\000\040\000D\000e\000s\000c\000r\000i\000p\000t\000i\000o\000n}{section.4.1}% 59
\BOOKMARK [2][-]{subsection.4.1.2}{\376\377\0004\000.\0001\000.\0002\000\040\000F\000u\000n\000c\000t\000i\000o\000n\000\040\000D\000o\000c\000u\000m\000e\000n\000t\000a\000t\000i\000o\000n}{section.4.1}% 60
\BOOKMARK [3][-]{subsubsection.4.1.2.1}{\376\377\0004\000.\0001\000.\0002\000.\0001\000\040\000b\000i\000n\000a\000r\000y\000h\000e\000a\000p\000\050\000\051}{subsection.4.1.2}% 61
\BOOKMARK [3][-]{subsubsection.4.1.2.2}{\376\377\0004\000.\0001\000.\0002\000.\0002\000\040\000b\000i\000n\000o\000m\000i\000a\000l\000h\000e\000a\000p\000\050\000\051}{subsection.4.1.2}% 62
\BOOKMARK [3][-]{subsubsection.4.1.2.3}{\376\377\0004\000.\0001\000.\0002\000.\0003\000\040\000d\000e\000l\000e\000t\000e\000B\000i\000n\000a\000r\000y\000H\000e\000a\000p\000\050\000\051}{subsection.4.1.2}% 63
\BOOKMARK [3][-]{subsubsection.4.1.2.4}{\376\377\0004\000.\0001\000.\0002\000.\0004\000\040\000f\000i\000b\000o\000n\000a\000c\000c\000i\000h\000e\000a\000p\000\050\000\051}{subsection.4.1.2}% 64
\BOOKMARK [3][-]{subsubsection.4.1.2.5}{\376\377\0004\000.\0001\000.\0002\000.\0005\000\040\000g\000e\000t\000L\000e\000f\000t\000\050\000i\000n\000t\000\040\000i\000n\000d\000e\000x\000\051}{subsection.4.1.2}% 65
\BOOKMARK [3][-]{subsubsection.4.1.2.6}{\376\377\0004\000.\0001\000.\0002\000.\0006\000\040\000g\000e\000t\000R\000i\000g\000h\000t\000\050\000i\000n\000t\000\040\000i\000n\000d\000e\000x\000\051}{subsection.4.1.2}% 66
\BOOKMARK [3][-]{subsubsection.4.1.2.7}{\376\377\0004\000.\0001\000.\0002\000.\0007\000\040\000h\000e\000a\000p\000i\000f\000y\000D\000o\000w\000n\000B\000i\000n\000a\000r\000y\000H\000e\000a\000p\000\050\000i\000n\000t\000\040\000i\000n\000d\000e\000x\000\051}{subsection.4.1.2}% 67
\BOOKMARK [3][-]{subsubsection.4.1.2.8}{\376\377\0004\000.\0001\000.\0002\000.\0008\000\040\000h\000e\000a\000p\000i\000f\000y\000U\000p\000B\000i\000n\000a\000r\000y\000H\000e\000a\000p\000\050\000i\000n\000t\000\040\000i\000n\000d\000e\000x\000\051}{subsection.4.1.2}% 68
\BOOKMARK [3][-]{subsubsection.4.1.2.9}{\376\377\0004\000.\0001\000.\0002\000.\0009\000\040\000i\000n\000s\000e\000r\000t\000B\000i\000n\000a\000r\000y\000H\000e\000a\000p\000\050\000p\000a\000i\000r\000<\000\040\000i\000n\000t\000,\000\040\000i\000n\000t\000\040\000>\000\040\000e\000l\000e\000m\000e\000n\000t\000\051}{subsection.4.1.2}% 69
\BOOKMARK [3][-]{subsubsection.4.1.2.10}{\376\377\0004\000.\0001\000.\0002\000.\0001\0000\000\040\000m\000a\000i\000n\000\050\000\051}{subsection.4.1.2}% 70
\BOOKMARK [3][-]{subsubsection.4.1.2.11}{\376\377\0004\000.\0001\000.\0002\000.\0001\0001\000\040\000p\000a\000r\000e\000n\000t\000\050\000i\000n\000t\000\040\000i\000n\000d\000e\000x\000\051}{subsection.4.1.2}% 71
\BOOKMARK [3][-]{subsubsection.4.1.2.12}{\376\377\0004\000.\0001\000.\0002\000.\0001\0002\000\040\000v\000a\000l\000u\000e\000\050\000i\000n\000t\000\040\000i\000n\000d\000e\000x\000\051}{subsection.4.1.2}% 72
\BOOKMARK [0][-]{section*.10}{\376\377\000I\000n\000d\000e\000x}{}% 73
